[2026-01-28 18:46:17] [INFO] Application started. Ready to begin. (Selenium Version)
[2026-01-28 18:46:17] [INFO] Log directory: C:\Users\Kunvar Bhadur\OneDrive - Doceree India\11-04-2025\Cursor\Cursor-Course\ToolToCaptureTC\selenium_version\activity_logs
[2026-01-28 18:46:17] [INFO] Auto-save enabled. Logs will be saved automatically.
[2026-01-28 18:46:35] [INFO] Launching Chrome browser for recording (Selenium)...
[2026-01-28 18:46:39] [INFO] No manually opened browser found. Launching Chrome automatically...
[2026-01-28 18:46:43] [INFO] Using webdriver-manager for ChromeDriver
[2026-01-28 18:46:43] [SUCCESS] Chrome browser launched successfully (Selenium)
[2026-01-28 18:46:44] [INFO] Window maximized. Size: 1920x2000
[2026-01-28 18:46:44] [INFO] Navigating to: https://qa-exchange.doceree.com/login
[2026-01-28 18:46:51] [SUCCESS] Page fully loaded with all resources (CSS, images, etc.)
[2026-01-28 18:46:51] [WARNING] Note: Message: javascript error: Cannot redefine property: webdriver
  (Session info: chrome=144.0.7559.97)
Stacktrace:
Symbols not available. Dumping unresolved backtrace:
	0x608543
	0x608584
	0x3fb4e0
	0x402101
	0x404684
	0x4861f1
	0x46821c
	0x4853a1
	0x467fb6
	0x4396f9
	0x43a4b4
	0x85d034
	0x8582c9
	0x876460
	0x621a68
	0x62988d
	0x610df8
	0x610fc2
	0x5fab3a
	0x75c55d49
	0x778cd5db
	0x778cd561

[2026-01-28 18:46:51] [ERROR] Error processing queue: Item end not found
[2026-01-28 18:46:51] [SUCCESS] ✓ Page captured: Doceree - Login (1 buttons, 2 inputs)
[2026-01-28 18:46:51] [INFO] Page loaded: Doceree - Login
[2026-01-28 18:46:51] [INFO] Recording started. Interact with the browser and click 'Capture Page' to record states.
[2026-01-28 18:46:51] [ERROR] Error processing queue: Item end not found
[2026-01-28 18:48:14] [INFO] Recording stopped.
[2026-01-28 18:48:34] [INFO] Generating test cases...
[2026-01-28 18:48:34] [INFO] Generated JSON: test_case_20260128_184834.json
[2026-01-28 18:48:34] [INFO] Generated Text: test_case_20260128_184834.txt
[2026-01-28 18:48:34] [INFO] Generated Python (Selenium): test_case_20260128_184834.py
[2026-01-28 18:48:34] [INFO] Generated Excel: Doceree_TestCases.xlsx
[2026-01-28 18:48:34] [INFO] ✓ All test cases generated successfully in: C:/Users/Kunvar Bhadur/OneDrive - Doceree India/11-04-2025/Cursor/Cursor-Course/ToolToCaptureTC/selenium_version
[2026-01-28 19:12:02] [INFO] Launching Chrome browser for recording (Selenium)...
[2026-01-28 19:12:06] [INFO] No manually opened browser found. Launching Chrome automatically...
[2026-01-28 19:12:10] [INFO] Using webdriver-manager for ChromeDriver
[2026-01-28 19:12:10] [SUCCESS] Chrome browser launched successfully (Selenium)
[2026-01-28 19:12:10] [INFO] Window maximized. Size: 1920x2000
[2026-01-28 19:12:10] [INFO] Navigating to: https://qa-exchange.doceree.com/login
[2026-01-28 19:12:17] [SUCCESS] Page fully loaded with all resources (CSS, images, etc.)
[2026-01-28 19:12:17] [WARNING] Note: Message: javascript error: Cannot redefine property: webdriver
  (Session info: chrome=144.0.7559.97)
Stacktrace:
Symbols not available. Dumping unresolved backtrace:
	0x608543
	0x608584
	0x3fb4e0
	0x402101
	0x404684
	0x4861f1
	0x46821c
	0x4853a1
	0x467fb6
	0x4396f9
	0x43a4b4
	0x85d034
	0x8582c9
	0x876460
	0x621a68
	0x62988d
	0x610df8
	0x610fc2
	0x5fab3a
	0x75c55d49
	0x778cd5db
	0x778cd561

[2026-01-28 19:12:17] [ERROR] Error processing queue: Item end not found
[2026-01-28 19:12:17] [SUCCESS] ✓ Page captured: Doceree - Login (1 buttons, 2 inputs)
[2026-01-28 19:12:17] [INFO] Page loaded: Doceree - Login
[2026-01-28 19:12:17] [INFO] Recording started. Interact with the browser and click 'Capture Page' to record states.
[2026-01-28 19:12:17] [ERROR] Error processing queue: Item end not found
[2026-01-28 19:12:54] [INFO] Recording stopped.
[2026-01-28 19:13:05] [INFO] Generating test cases...
[2026-01-28 19:13:05] [INFO] Generated JSON: test_case_20260128_191305.json
[2026-01-28 19:13:05] [INFO] Generated Text: test_case_20260128_191305.txt
[2026-01-28 19:13:05] [INFO] Generated Python (Selenium): test_case_20260128_191305.py
[2026-01-28 19:13:05] [INFO] Generated Excel: Doceree_TestCases.xlsx
[2026-01-28 19:13:05] [INFO] ✓ All test cases generated successfully in: C:/Users/Kunvar Bhadur/OneDrive - Doceree India/11-04-2025/Cursor/Cursor-Course/ToolToCaptureTC/selenium_version
[2026-01-28 19:14:34] [INFO] Launching Chrome browser for recording (Selenium)...
[2026-01-28 19:14:38] [INFO] No manually opened browser found. Launching Chrome automatically...
[2026-01-28 19:14:42] [INFO] Using webdriver-manager for ChromeDriver
[2026-01-28 19:14:42] [SUCCESS] Chrome browser launched successfully (Selenium)
[2026-01-28 19:14:42] [INFO] Window maximized. Size: 1920x2000
[2026-01-28 19:14:42] [INFO] Navigating to: https://qa-exchange.doceree.com/login
[2026-01-28 19:14:49] [SUCCESS] Page fully loaded with all resources (CSS, images, etc.)
[2026-01-28 19:14:49] [WARNING] Note: Message: javascript error: Cannot redefine property: webdriver
  (Session info: chrome=144.0.7559.97)
Stacktrace:
Symbols not available. Dumping unresolved backtrace:
	0x608543
	0x608584
	0x3fb4e0
	0x402101
	0x404684
	0x4861f1
	0x46821c
	0x4853a1
	0x467fb6
	0x4396f9
	0x43a4b4
	0x85d034
	0x8582c9
	0x876460
	0x621a68
	0x62988d
	0x610df8
	0x610fc2
	0x5fab3a
	0x75c55d49
	0x778cd5db
	0x778cd561

[2026-01-28 19:14:49] [ERROR] Error processing queue: Item end not found
[2026-01-28 19:14:49] [SUCCESS] ✓ Page captured: Doceree - Login (1 buttons, 2 inputs)
[2026-01-28 19:14:49] [INFO] Page loaded: Doceree - Login
[2026-01-28 19:14:49] [INFO] Recording started. Interact with the browser and click 'Capture Page' to record states.
[2026-01-28 19:14:49] [ERROR] Error processing queue: Item end not found
[2026-01-28 19:14:56] [INFO] Log cleared.
[2026-01-28 19:15:22] [INFO] Recording stopped.
[2026-01-28 19:15:51] [INFO] Generating test cases...
[2026-01-28 19:15:51] [INFO] Generated JSON: test_case_20260128_191551.json
[2026-01-28 19:15:51] [INFO] Generated Text: test_case_20260128_191551.txt
[2026-01-28 19:15:51] [INFO] Generated Python (Selenium): test_case_20260128_191551.py
[2026-01-28 19:15:51] [INFO] Generated Excel: Doceree_TestCases.xlsx
[2026-01-28 19:15:51] [INFO] ✓ All test cases generated successfully in: C:/Users/Kunvar Bhadur/OneDrive - Doceree India/11-04-2025/Cursor/Cursor-Course/ToolToCaptureTC/selenium_version
