[2026-01-28 19:30:39] [INFO] Application started. Ready to begin. (Selenium Version)
[2026-01-28 19:30:39] [INFO] Log directory: C:\Users\Kunvar Bhadur\OneDrive - Doceree India\11-04-2025\Cursor\Cursor-Course\ToolToCaptureTC\selenium_version\activity_logs
[2026-01-28 19:30:39] [INFO] Auto-save enabled. Logs will be saved automatically.
[2026-01-28 19:30:48] [INFO] Launching Chrome browser for recording (Selenium)...
[2026-01-28 19:30:52] [INFO] No manually opened browser found. Launching Chrome automatically...
[2026-01-28 19:30:57] [INFO] Using webdriver-manager for ChromeDriver
[2026-01-28 19:30:57] [SUCCESS] Chrome browser launched successfully (Selenium)
[2026-01-28 19:30:57] [INFO] Window maximized. Size: 1920x2000
[2026-01-28 19:30:57] [INFO] Navigating to: https://qa-exchange.doceree.com/login
[2026-01-28 19:31:04] [SUCCESS] Page fully loaded with all resources (CSS, images, etc.)
[2026-01-28 19:31:04] [WARNING] Note: Message: javascript error: Cannot redefine property: webdriver
  (Session info: chrome=144.0.7559.97)
Stacktrace:
Symbols not available. Dumping unresolved backtrace:
	0x608543
	0x608584
	0x3fb4e0
	0x402101
	0x404684
	0x4861f1
	0x46821c
	0x4853a1
	0x467fb6
	0x4396f9
	0x43a4b4
	0x85d034
	0x8582c9
	0x876460
	0x621a68
	0x62988d
	0x610df8
	0x610fc2
	0x5fab3a
	0x75c55d49
	0x778cd5db
	0x778cd561

[2026-01-28 19:31:04] [ERROR] Error processing queue: Item end not found
[2026-01-28 19:31:04] [SUCCESS] ✓ Page captured: Doceree - Login (1 buttons, 2 inputs)
[2026-01-28 19:31:04] [INFO] Page loaded: Doceree - Login
[2026-01-28 19:31:04] [INFO] Recording started. Interact with the browser and click 'Capture Page' to record states.
[2026-01-28 19:31:04] [ERROR] Error processing queue: Item end not found
[2026-01-28 19:31:28] [INFO] Recording stopped.
[2026-01-28 19:31:42] [INFO] Generating test cases...
[2026-01-28 19:31:43] [INFO] Generated JSON: test_case_20260128_193142.json
[2026-01-28 19:31:43] [INFO] Generated Text: test_case_20260128_193142.txt
[2026-01-28 19:31:43] [INFO] Generated Python (Selenium): test_case_20260128_193142.py
[2026-01-28 19:31:43] [INFO] Generating Excel file in new format (TC_ID, Module, Prerequisite, etc.)...
[2026-01-28 19:31:43] [ERROR] Error generating Excel: 'NoneType' object has no attribute 'title' and no __dict__ for setting new attributes
[2026-01-28 19:31:43] [ERROR] Excel generation traceback:
Traceback (most recent call last):
  File "C:\Users\Kunvar Bhadur\OneDrive - Doceree India\11-04-2025\Cursor\Cursor-Course\ToolToCaptureTC\selenium_version\test_capture_tool_selenium_gui.py", line 1432, in _generate_excel_file
    ws.title = "Test Cases"
    ^^^^^^^^
AttributeError: 'NoneType' object has no attribute 'title' and no __dict__ for setting new attributes

[2026-01-28 19:31:43] [WARNING] Excel file generation returned None. Check logs for errors.
[2026-01-28 19:31:43] [SUCCESS] ✓ All test cases generated successfully in: C:/Users/Kunvar Bhadur/OneDrive - Doceree India/11-04-2025/Cursor/Cursor-Course/ToolToCaptureTC/selenium_version
[2026-01-28 19:31:43] [INFO] Generated files:
  • JSON: test_case_20260128_193142.json
  • Text: test_case_20260128_193142.txt
  • Python: test_case_20260128_193142.py
  • Excel: NOT GENERATED (check logs for errors)
